<?xml version="1.0" encoding="UTF-8"?>
<testsuite xmlns:xsi="http://www.w3.org/2001/XMLSchema-instance" xsi:noNamespaceSchemaLocation="https://maven.apache.org/surefire/maven-surefire-plugin/xsd/surefire-test-report-3.0.xsd" version="3.0" name="org.example.UserResourceTest" time="10.601" tests="1" errors="1" skipped="0" failures="0">
  <properties>
[...]
</properties>
  <testcase name="" classname="org.example.UserResourceTest" time="10.601">
    <error message="Mapped port can only be obtained after the container is started" type="java.lang.IllegalStateException"><![CDATA[java.lang.IllegalStateException: Mapped port can only be obtained after the container is started
	at org.testcontainers.shaded.com.google.common.base.Preconditions.checkState(Preconditions.java:512)
	at org.testcontainers.containers.ContainerState.getMappedPort(ContainerState.java:161)
	at org.example.UserResourceTest.setup(UserResourceTest.java:27)
	at java.base/java.lang.reflect.Method.invoke(Method.java:580)
	at io.quarkus.test.junit.QuarkusTestExtension.runExtensionMethod(QuarkusTestExtension.java:1013)
	at io.quarkus.test.junit.QuarkusTestExtension.runExtensionMethod(QuarkusTestExtension.java:907)
	at io.quarkus.test.junit.QuarkusTestExtension.interceptBeforeAllMethod(QuarkusTestExtension.java:709)
	at java.base/java.util.ArrayList.forEach(ArrayList.java:1597)
]]></error>
    <system-out><![CDATA[2025-06-08 15:21:16,455 WARN  [io.qua.res.rea.ser.dep.QuarkusServerEndpointIndexer] (build-13) Quarkus detected the use of JSON in JAX-RS method 'org.example.UserResource#create' but no JSON extension has been added. Consider adding 'quarkus-resteasy-reactive-jackson' (recommended) or 'quarkus-resteasy-reactive-jsonb'.
2025-06-08 15:21:16,468 WARN  [io.qua.res.rea.ser.dep.QuarkusServerEndpointIndexer] (build-13) Quarkus detected the use of JSON in JAX-RS method 'org.example.UserResource#getAll' but no JSON extension has been added. Consider adding 'quarkus-resteasy-reactive-jackson' (recommended) or 'quarkus-resteasy-reactive-jsonb'.
2025-06-08 15:21:16,474 WARN  [io.qua.res.rea.ser.dep.QuarkusServerEndpointIndexer] (build-13) Quarkus detected the use of JSON in JAX-RS method 'org.example.UserResource#stream' but no JSON extension has been added. Consider adding 'quarkus-resteasy-reactive-jackson' (recommended) or 'quarkus-resteasy-reactive-jsonb'.
2025-06-08 15:21:18,050 INFO  [org.hib.rea.pro.imp.ReactiveIntegrator] (JPA Startup Thread) HR000001: Hibernate Reactive
2025-06-08 15:21:18,348 WARN  [org.hib.rea.pro.ser.ReactiveGenerationTarget] (vert.x-eventloop-thread-0) HR000021: DDL command failed [io.netty.channel.AbstractChannel$AnnotatedConnectException: Connection refused: getsockopt: localhost/127.0.0.1:5432]
2025-06-08 15:21:18,355 WARN  [org.hib.rea.pro.ser.ReactiveGenerationTarget] (vert.x-eventloop-thread-0) HR000021: DDL command failed [io.netty.channel.AbstractChannel$AnnotatedConnectException: Connection refused: getsockopt: localhost/127.0.0.1:5432]
2025-06-08 15:21:18,386 INFO  [io.quarkus] (main) mutiny-quarkus-users 1.0.0 on JVM (powered by Quarkus 3.8.1) started in 4.117s. Listening on: http://localhost:8081
2025-06-08 15:21:18,386 INFO  [io.quarkus] (main) Profile test activated. 
2025-06-08 15:21:18,386 INFO  [io.quarkus] (main) Installed features: [cdi, hibernate-orm, hibernate-reactive, hibernate-reactive-panache, reactive-pg-client, resteasy-reactive, smallrye-context-propagation, vertx]
2025-06-08 15:21:18,410 INFO  [org.tes.ima.PullPolicy] (main) Image pull policy will be performed by: DefaultPullPolicy()
2025-06-08 15:21:18,413 INFO  [org.tes.uti.ImageNameSubstitutor] (main) Image name substitution will be performed by: DefaultImageNameSubstitutor (composite of 'ConfigurationFileImageNameSubstitutor' and 'PrefixingImageNameSubstitutor')
2025-06-08 15:21:18,557 INFO  [org.tes.doc.DockerClientProviderStrategy] (main) Loaded org.testcontainers.dockerclient.NpipeSocketClientProviderStrategy from ~/.testcontainers.properties, will try it first
2025-06-08 15:21:18,786 INFO  [org.tes.doc.DockerClientProviderStrategy] (main) Found Docker environment with local Npipe socket (npipe:////./pipe/docker_engine)
2025-06-08 15:21:18,787 INFO  [org.tes.DockerClientFactory] (main) Docker host IP address is localhost
2025-06-08 15:21:18,801 INFO  [org.tes.DockerClientFactory] (main) Connected to docker: 
  Server Version: 28.1.1
  API Version: 1.49
  Operating System: Docker Desktop
  Total Memory: 47832 MB
2025-06-08 15:21:18,825 INFO  [tc.tes.6.0] (main) Creating container for image: testcontainers/ryuk:0.6.0
2025-06-08 15:21:19,008 INFO  [tc.tes.6.0] (main) Container testcontainers/ryuk:0.6.0 is starting: 450c51b8de3f26ed7719f414e3bf9ee3d18da9203d6708db89d2c39953c312ff
2025-06-08 15:21:19,319 INFO  [tc.tes.6.0] (main) Container testcontainers/ryuk:0.6.0 started in PT0.4948287S
2025-06-08 15:21:19,324 INFO  [org.tes.uti.RyukResourceReaper] (main) Ryuk started - will monitor and terminate Testcontainers containers on JVM exit
2025-06-08 15:21:19,325 INFO  [org.tes.DockerClientFactory] (main) Checking the system...
2025-06-08 15:21:19,325 INFO  [org.tes.DockerClientFactory] (main) ?? Docker server version should be at least 1.6.0
2025-06-08 15:21:19,326 INFO  [tc.postgres:15] (main) Creating container for image: postgres:15
2025-06-08 15:21:19,398 INFO  [tc.postgres:15] (main) Container postgres:15 is starting: 7f047fc0ad11acc9e43acc569bace52bbbe4a3b5a0c0e396367a661c6bf00345
2025-06-08 15:21:21,185 INFO  [tc.postgres:15] (main) Container postgres:15 started in PT1.8593777S
2025-06-08 15:21:21,186 INFO  [tc.postgres:15] (main) Container is started (JDBC URL: jdbc:postgresql://localhost:55003/mydb?loggerLevel=OFF)
2025-06-08 15:21:21,207 INFO  [org.tes.ima.PullPolicy] (main) Image pull policy will be performed by: DefaultPullPolicy()
2025-06-08 15:21:21,207 INFO  [org.tes.uti.ImageNameSubstitutor] (main) Image name substitution will be performed by: DefaultImageNameSubstitutor (composite of 'ConfigurationFileImageNameSubstitutor' and 'PrefixingImageNameSubstitutor')
2025-06-08 15:21:21,299 INFO  [org.tes.doc.DockerClientProviderStrategy] (main) Loaded org.testcontainers.dockerclient.NpipeSocketClientProviderStrategy from ~/.testcontainers.properties, will try it first
2025-06-08 15:21:21,454 INFO  [org.tes.doc.DockerClientProviderStrategy] (main) Found Docker environment with local Npipe socket (npipe:////./pipe/docker_engine)
]]></system-out>
  </testcase>
</testsuite>